<?xml version="1.0" encoding="UTF-8" standalone="yes"?><!DOCTYPE report PUBLIC "-//JACOCO//DTD Report 1.1//EN" "report.dtd"><report name="DevoirC306"><sessioninfo id="philemon-131c8408" start="1620321181953" dump="1620321184081"/><sessioninfo id="philemon-e3a49168" start="1620321713448" dump="1620321715073"/><sessioninfo id="philemon-f3076de9" start="1620321905409" dump="1620321906859"/><sessioninfo id="philemon-c30fb119" start="1620321923428" dump="1620321924748"/><sessioninfo id="philemon-e6b27f7f" start="1620322003663" dump="1620322006251"/><sessioninfo id="philemon-2f28e8ac" start="1620322472739" dump="1620322474189"/><sessioninfo id="philemon-7af9ccd0" start="1620323486934" dump="1620323491439"/><sessioninfo id="philemon-e4fd576f" start="1620323557342" dump="1620323558931"/><sessioninfo id="philemon-37ba185a" start="1620323850431" dump="1620323851842"/><sessioninfo id="philemon-26bfa7ec" start="1620323947902" dump="1620323949304"/><sessioninfo id="philemon-95060954" start="1620323975822" dump="1620323977240"/><sessioninfo id="philemon-8388800b" start="1620324134651" dump="1620324136115"/><sessioninfo id="philemon-a9dbd445" start="1620324323750" dump="1620324325723"/><sessioninfo id="philemon-addb30f4" start="1620324448101" dump="1620324449598"/><sessioninfo id="philemon-1d6915e8" start="1620325560015" dump="1620325565460"/><sessioninfo id="philemon-eec0a154" start="1620325797826" dump="1620325799409"/><sessioninfo id="philemon-af868dd5" start="1620325905523" dump="1620325907786"/><sessioninfo id="philemon-329f37ea" start="1620326041508" dump="1620326043310"/><sessioninfo id="philemon-b86ca750" start="1620326324024" dump="1620326325471"/><sessioninfo id="philemon-15dc5594" start="1620326369271" dump="1620326372473"/><sessioninfo id="philemon-9324f6e" start="1620326425202" dump="1620326426635"/><sessioninfo id="philemon-1a775462" start="1620326465043" dump="1620326466483"/><sessioninfo id="philemon-52882269" start="1620328290002" dump="1620328295930"/><sessioninfo id="philemon-34af4798" start="1620328355567" dump="1620328357709"/><sessioninfo id="philemon-82aec6c7" start="1620328431900" dump="1620328434263"/><sessioninfo id="philemon-160dade3" start="1620328501587" dump="1620328503454"/><sessioninfo id="philemon-82c6b061" start="1620328587440" dump="1620328589452"/><sessioninfo id="philemon-cd1bf928" start="1620328667472" dump="1620328669770"/><sessioninfo id="philemon-2e0894df" start="1620328808704" dump="1620328810159"/><sessioninfo id="philemon-bdfdf88" start="1620328886830" dump="1620328888325"/><sessioninfo id="philemon-a87d3ba6" start="1620328981522" dump="1620328983007"/><sessioninfo id="philemon-6ffca04b" start="1620329018368" dump="1620329019957"/><sessioninfo id="philemon-3912d3c" start="1620329121331" dump="1620329122827"/><sessioninfo id="philemon-888745fd" start="1620329838779" dump="1620329840163"/><sessioninfo id="philemon-80a7d9c9" start="1620329894102" dump="1620329895571"/><sessioninfo id="philemon-6f1cfe6a" start="1620330112832" dump="1620330116417"/><sessioninfo id="philemon-cfe2c7e3" start="1620330143417" dump="1620330144912"/><sessioninfo id="philemon-f36cff7a" start="1620330235736" dump="1620330237364"/><sessioninfo id="philemon-1be5f9d3" start="1620330284829" dump="1620330286356"/><sessioninfo id="philemon-a0f42c9b" start="1620330333600" dump="1620330335193"/><sessioninfo id="philemon-7bd0cbf4" start="1620330391417" dump="1620330392982"/><sessioninfo id="philemon-58460ca1" start="1620330449145" dump="1620330450891"/><sessioninfo id="philemon-67e93426" start="1620330599565" dump="1620330601208"/><sessioninfo id="philemon-36743866" start="1620330667125" dump="1620330668677"/><sessioninfo id="philemon-449aec04" start="1620330694562" dump="1620330696162"/><sessioninfo id="philemon-5dee7874" start="1620348928415" dump="1620348931240"/><sessioninfo id="philemon-15088445" start="1620349326191" dump="1620349327625"/><sessioninfo id="philemon-a9f167b1" start="1620349401189" dump="1620349402841"/><sessioninfo id="philemon-28fb7e90" start="1620349579074" dump="1620349580683"/><sessioninfo id="philemon-a68ac619" start="1620349616831" dump="1620349618333"/><sessioninfo id="philemon-fd22b0dc" start="1620349648434" dump="1620349649831"/><sessioninfo id="philemon-f04c7001" start="1620349664817" dump="1620349666322"/><sessioninfo id="philemon-6ee1320b" start="1620349718004" dump="1620349719543"/><sessioninfo id="philemon-c2a34e5c" start="1620349741948" dump="1620349743470"/><sessioninfo id="philemon-347e0d11" start="1620349762157" dump="1620349763848"/><sessioninfo id="philemon-53755553" start="1620349819197" dump="1620349820884"/><sessioninfo id="philemon-f54c3a00" start="1620349840773" dump="1620349842411"/><sessioninfo id="philemon-8ed7627d" start="1620350149264" dump="1620350151369"/><sessioninfo id="philemon-26e81c05" start="1620350206546" dump="1620350208165"/><sessioninfo id="philemon-90ea21d0" start="1620350258850" dump="1620350260604"/><sessioninfo id="philemon-c446846c" start="1620350280804" dump="1620350282263"/><sessioninfo id="philemon-a239cb81" start="1620350294363" dump="1620350296236"/><sessioninfo id="philemon-21fd0f11" start="1620350313314" dump="1620350314826"/><sessioninfo id="philemon-fe566a04" start="1620350343157" dump="1620350344822"/><sessioninfo id="philemon-9f8d2e7" start="1620350362504" dump="1620350364053"/><sessioninfo id="philemon-69793221" start="1620350376500" dump="1620350378289"/><sessioninfo id="philemon-dbf6b6ce" start="1620350388713" dump="1620350390213"/><sessioninfo id="philemon-a15a4003" start="1620350406875" dump="1620350408593"/><sessioninfo id="philemon-5b7b4a8e" start="1620350427384" dump="1620350428876"/><sessioninfo id="philemon-1ee7ada" start="1620350441890" dump="1620350443401"/><sessioninfo id="philemon-8e44f021" start="1620350529063" dump="1620350530781"/><sessioninfo id="philemon-ba4e0e7d" start="1620350548241" dump="1620350549729"/><sessioninfo id="philemon-6d7501a4" start="1620350595944" dump="1620350597477"/><sessioninfo id="philemon-b979aa12" start="1620351464380" dump="1620351465825"/><sessioninfo id="philemon-197cd2e4" start="1620351988659" dump="1620351990126"/><sessioninfo id="philemon-ed7f8915" start="1620352157169" dump="1620352158722"/><sessioninfo id="philemon-7e5b75de" start="1620352379886" dump="1620352381448"/><sessioninfo id="philemon-43c70ecc" start="1620352425342" dump="1620352426944"/><sessioninfo id="philemon-a1376197" start="1620352450451" dump="1620352451872"/><sessioninfo id="philemon-1e366b09" start="1620352468272" dump="1620352469672"/><sessioninfo id="philemon-18f7eaad" start="1620352544943" dump="1620352546469"/><sessioninfo id="philemon-dd408fb0" start="1620352562519" dump="1620352563965"/><sessioninfo id="philemon-262b4a19" start="1620352644650" dump="1620352646189"/><sessioninfo id="philemon-bc61f2cd" start="1620352668690" dump="1620352670178"/><sessioninfo id="philemon-56543d3a" start="1620352700857" dump="1620352702485"/><sessioninfo id="philemon-728c303e" start="1620352718452" dump="1620352720310"/><sessioninfo id="philemon-9f2dcf29" start="1620352768773" dump="1620352770268"/><sessioninfo id="philemon-7fabf49" start="1620352822521" dump="1620352823973"/><sessioninfo id="philemon-d54d3cc8" start="1620352878094" dump="1620352879611"/><sessioninfo id="philemon-983aa280" start="1620352924064" dump="1620352925532"/><sessioninfo id="philemon-af95d59a" start="1620352945221" dump="1620352946751"/><sessioninfo id="philemon-a778f28a" start="1620352968335" dump="1620352969907"/><sessioninfo id="philemon-7ed404f0" start="1620352985886" dump="1620352987512"/><sessioninfo id="philemon-cfc960d7" start="1620353819148" dump="1620353820721"/><sessioninfo id="philemon-efd5c953" start="1620353884383" dump="1620353885793"/><sessioninfo id="philemon-55161262" start="1620354031270" dump="1620354032853"/><sessioninfo id="philemon-1502d189" start="1620396550144" dump="1620396557112"/><sessioninfo id="philemon-eeb55c3b" start="1620396615997" dump="1620396617142"/><sessioninfo id="philemon-22cba533" start="1620397176474" dump="1620397177735"/><sessioninfo id="philemon-5e2b44ff" start="1620400071088" dump="1620400073593"/><sessioninfo id="philemon-973e9ebf" start="1620400114901" dump="1620400121423"/><sessioninfo id="philemon-ca1eccd3" start="1620401678384" dump="1620401687340"/><sessioninfo id="philemon-1aef1df8" start="1620402940493" dump="1620402948040"/><sessioninfo id="philemon-2374201f" start="1620404057115" dump="1620404061163"/><sessioninfo id="philemon-39ba300d" start="1620405043024" dump="1620405045397"/><package name=""><class name="GrilleImpl" sourcefilename="GrilleImpl.java"><method name="&lt;init&gt;" desc="(II)V" line="8"><counter type="INSTRUCTION" missed="0" covered="46"/><counter type="BRANCH" missed="0" covered="4"/><counter type="LINE" missed="0" covered="11"/><counter type="COMPLEXITY" missed="0" covered="3"/><counter type="METHOD" missed="0" covered="1"/></method><method name="getDimension" desc="()I" line="33"><counter type="INSTRUCTION" missed="0" covered="6"/><counter type="LINE" missed="0" covered="1"/><counter type="COMPLEXITY" missed="0" covered="1"/><counter type="METHOD" missed="0" covered="1"/></method><method name="setValue" desc="(IIC)I" line="48"><counter type="INSTRUCTION" missed="10" covered="29"/><counter type="BRANCH" missed="5" covered="5"/><counter type="LINE" missed="2" covered="4"/><counter type="COMPLEXITY" missed="5" covered="1"/><counter type="METHOD" missed="0" covered="1"/></method><method name="getValue" desc="(II)C" line="64"><counter type="INSTRUCTION" missed="5" covered="23"/><counter type="BRANCH" missed="4" covered="4"/><counter type="LINE" missed="1" covered="2"/><counter type="COMPLEXITY" missed="4" covered="1"/><counter type="METHOD" missed="0" covered="1"/></method><method name="complete" desc="()Z" line="74"><counter type="INSTRUCTION" missed="2" covered="26"/><counter type="BRANCH" missed="1" covered="5"/><counter type="LINE" missed="1" covered="4"/><counter type="COMPLEXITY" missed="1" covered="3"/><counter type="METHOD" missed="0" covered="1"/></method><method name="possible" desc="(IIC)Z" line="95"><counter type="INSTRUCTION" missed="24" covered="54"/><counter type="BRANCH" missed="11" covered="11"/><counter type="LINE" missed="4" covered="7"/><counter type="COMPLEXITY" missed="9" covered="3"/><counter type="METHOD" missed="0" covered="1"/></method><method name="possibleContains" desc="(C)Z" line="120"><counter type="INSTRUCTION" missed="4" covered="27"/><counter type="BRANCH" missed="3" covered="3"/><counter type="LINE" missed="0" covered="4"/><counter type="COMPLEXITY" missed="2" covered="2"/><counter type="METHOD" missed="0" covered="1"/></method><counter type="INSTRUCTION" missed="45" covered="211"/><counter type="BRANCH" missed="24" covered="32"/><counter type="LINE" missed="8" covered="33"/><counter type="COMPLEXITY" missed="21" covered="14"/><counter type="METHOD" missed="0" covered="7"/><counter type="CLASS" missed="0" covered="1"/></class><class name="Grille" sourcefilename="Grille.java"><method name="&lt;clinit&gt;" desc="()V" line="12"><counter type="INSTRUCTION" missed="0" covered="68"/><counter type="LINE" missed="0" covered="1"/><counter type="COMPLEXITY" missed="0" covered="1"/><counter type="METHOD" missed="0" covered="1"/></method><counter type="INSTRUCTION" missed="0" covered="68"/><counter type="LINE" missed="0" covered="1"/><counter type="COMPLEXITY" missed="0" covered="1"/><counter type="METHOD" missed="0" covered="1"/><counter type="CLASS" missed="0" covered="1"/></class><sourcefile name="GrilleImpl.java"><line nr="8" mi="0" ci="3" mb="0" cb="0"/><line nr="10" mi="0" ci="3" mb="0" cb="0"/><line nr="12" mi="0" ci="3" mb="0" cb="0"/><line nr="20" mi="0" ci="2" mb="0" cb="0"/><line nr="21" mi="0" ci="3" mb="0" cb="0"/><line nr="22" mi="0" ci="3" mb="0" cb="0"/><line nr="23" mi="0" ci="5" mb="0" cb="0"/><line nr="24" mi="0" ci="8" mb="0" cb="2"/><line nr="25" mi="0" ci="8" mb="0" cb="2"/><line nr="26" mi="0" ci="7" mb="0" cb="0"/><line nr="29" mi="0" ci="1" mb="0" cb="0"/><line nr="33" mi="0" ci="6" mb="0" cb="0"/><line nr="48" mi="0" ci="12" mb="4" cb="4"/><line nr="49" mi="5" ci="0" mb="0" cb="0"/><line nr="51" mi="0" ci="4" mb="1" cb="1"/><line nr="52" mi="5" ci="0" mb="0" cb="0"/><line nr="54" mi="0" ci="11" mb="0" cb="0"/><line nr="55" mi="0" ci="2" mb="0" cb="0"/><line nr="64" mi="0" ci="12" mb="4" cb="4"/><line nr="65" mi="5" ci="0" mb="0" cb="0"/><line nr="67" mi="0" ci="11" mb="0" cb="0"/><line nr="74" mi="0" ci="8" mb="0" cb="2"/><line nr="75" mi="0" ci="8" mb="0" cb="2"/><line nr="76" mi="0" ci="8" mb="1" cb="1"/><line nr="77" mi="2" ci="0" mb="0" cb="0"/><line nr="81" mi="0" ci="2" mb="0" cb="0"/><line nr="95" mi="0" ci="12" mb="4" cb="4"/><line nr="96" mi="5" ci="0" mb="0" cb="0"/><line nr="98" mi="0" ci="4" mb="1" cb="1"/><line nr="99" mi="5" ci="0" mb="0" cb="0"/><line nr="102" mi="0" ci="8" mb="0" cb="2"/><line nr="103" mi="5" ci="10" mb="3" cb="1"/><line nr="104" mi="2" ci="0" mb="0" cb="0"/><line nr="108" mi="0" ci="8" mb="0" cb="2"/><line nr="109" mi="5" ci="10" mb="3" cb="1"/><line nr="110" mi="2" ci="0" mb="0" cb="0"/><line nr="113" mi="0" ci="2" mb="0" cb="0"/><line nr="120" mi="0" ci="4" mb="0" cb="0"/><line nr="121" mi="0" ci="8" mb="0" cb="2"/><line nr="122" mi="0" ci="7" mb="0" cb="0"/><line nr="124" mi="4" ci="8" mb="3" cb="1"/><counter type="INSTRUCTION" missed="45" covered="211"/><counter type="BRANCH" missed="24" covered="32"/><counter type="LINE" missed="8" covered="33"/><counter type="COMPLEXITY" missed="21" covered="14"/><counter type="METHOD" missed="0" covered="7"/><counter type="CLASS" missed="0" covered="1"/></sourcefile><sourcefile name="Grille.java"><line nr="12" mi="0" ci="68" mb="0" cb="0"/><counter type="INSTRUCTION" missed="0" covered="68"/><counter type="LINE" missed="0" covered="1"/><counter type="COMPLEXITY" missed="0" covered="1"/><counter type="METHOD" missed="0" covered="1"/><counter type="CLASS" missed="0" covered="1"/></sourcefile><counter type="INSTRUCTION" missed="45" covered="279"/><counter type="BRANCH" missed="24" covered="32"/><counter type="LINE" missed="8" covered="34"/><counter type="COMPLEXITY" missed="21" covered="15"/><counter type="METHOD" missed="0" covered="8"/><counter type="CLASS" missed="0" covered="2"/></package><counter type="INSTRUCTION" missed="45" covered="279"/><counter type="BRANCH" missed="24" covered="32"/><counter type="LINE" missed="8" covered="34"/><counter type="COMPLEXITY" missed="21" covered="15"/><counter type="METHOD" missed="0" covered="8"/><counter type="CLASS" missed="0" covered="2"/></report>